<component name="libraryTable">
  <library name="junit-platform-console-standalone-1.7.0-all">
    <CLASSES>
      <root url="jar://$PROJECT_DIR$/src/lib/junit-platform-console-standalone-1.7.0-all.jar!/" />
    </CLASSES>
    <JAVADOC />
    <SOURCES />
  </library>
</component>